[0;33mWARN Ping protocol openshift.DNS_PING is deprecated, replacing with dns.DNS_PING instead.[0m
INFO Configuring JGroups discovery protocol to dns.DNS_PING
INFO Creating JGroups keystore via OpenShift's service serving x509 certificate secrets..
INFO JGroups keystore successfully created at: /opt/eap/keystores/jgroups-keystore.jks
INFO Creating HTTPS keystore via OpenShift's service serving x509 certificate secrets..
INFO HTTPS keystore successfully created at: /opt/eap/keystores/https-keystore.jks
INFO Creating RH-SSO truststore..
INFO RH-SSO truststore successfully created at: /opt/eap/keystores/truststore.jks
Warning: use -cacerts option to access cacerts keystore
INFO Importing certificates from system's Java CA certificate bundle into RH-SSO truststore..
INFO Successfully imported certificates from system's Java CA certificate bundle into RH-SSO truststore at: /opt/eap/keystores/truststore.jks
INFO Using PicketBox SSL configuration.
INFO Configuring JGroups cluster traffic encryption protocol to SYM_ENCRYPT.
[0;33mWARN Detected missing JGroups encryption configuration, the communication within the cluster WILL NOT be encrypted.[0m
Added 'DPMw5XDu' to '/opt/eap/standalone/configuration/keycloak-add-user.json', restart server to load user
INFO Access log is disabled, ignoring configuration.
You are disconnected at the moment. Type 'connect' to connect to the server or 'help' for the list of supported commands.
[[;91;109mdisconnected [0m/] embed-server --std-out=echo  --server-config=standalone-openshift.xml
[0m11:01:18,553 INFO  [org.jboss.modules] (CLI command executor) JBoss Modules version 1.12.0.Final-redhat-00001
[0m[0m11:01:18,767 INFO  [org.jboss.msc] (CLI command executor) JBoss MSC version 1.4.12.Final-redhat-00001
[0m[0m11:01:18,774 INFO  [org.jboss.threads] (CLI command executor) JBoss Threads version 2.4.0.Final-redhat-00001
[0m[0m11:01:19,156 INFO  [org.jboss.as] (MSC service thread 1-2) WFLYSRV0049: WildFly Core 15.0.8.Final-redhat-00001 starting
[0m[32m11:01:19,157 DEBUG [org.jboss.as.config] (MSC service thread 1-2) Configured system properties:
	awt.toolkit = sun.awt.X11.XToolkit
	com.ibm.jsse2.overrideDefaultTLS = true
	file.encoding = ANSI_X3.4-1968
	file.separator = /
	java.awt.graphicsenv = sun.awt.X11GraphicsEnvironment
	java.awt.printerjob = sun.print.PSPrinterJob
	java.class.path = /opt/eap/jboss-modules.jar
	java.class.version = 55.0
	java.home = /usr/lib/jvm/java-11-openjdk-11.0.15.0.10-2.el8_6.x86_64
	java.io.tmpdir = /tmp
	java.library.path = /usr/java/packages/lib:/usr/lib64:/lib64:/lib:/usr/lib
	java.runtime.name = OpenJDK Runtime Environment
	java.runtime.version = 11.0.15+10-LTS
	java.specification.name = Java Platform API Specification
	java.specification.vendor = Oracle Corporation
	java.specification.version = 11
	java.util.logging.manager = org.jboss.logmanager.LogManager
	java.vendor = Red Hat, Inc.
	java.vendor.url = https://www.redhat.com/
	java.vendor.url.bug = https://bugzilla.redhat.com/enter_bug.cgi?product=Red%20Hat%20Enterprise%20Linux%208&component=java-11-openjdk
	java.vendor.version = 18.9
	java.version = 11.0.15
	java.version.date = 2022-04-19
	java.vm.compressedOopsMode = 32-bit
	java.vm.info = mixed mode, sharing
	java.vm.name = OpenJDK 64-Bit Server VM
	java.vm.specification.name = Java Virtual Machine Specification
	java.vm.specification.vendor = Oracle Corporation
	java.vm.specification.version = 11
	java.vm.vendor = Red Hat, Inc.
	java.vm.version = 11.0.15+10-LTS
	jboss.home.dir = /opt/eap
	jboss.host.name = sso-2-ftsqg
	jboss.modules.dir = /opt/eap/modules
	jboss.modules.settings.xml.url = file:///opt/jboss/container/wildfly/s2i/galleon/settings.xml
	jboss.modules.system.pkgs = com.sun.java.swing
	jboss.node.name = sso-2-ftsqg
	jboss.qualified.host.name = sso-2-ftsqg
	jboss.server.base.dir = /opt/eap/standalone
	jboss.server.config.dir = /opt/eap/standalone/configuration
	jboss.server.content.dir = /opt/eap/standalone/data/content
	jboss.server.data.dir = /opt/eap/standalone/data
	jboss.server.deploy.dir = /opt/eap/standalone/data/content
	jboss.server.log.dir = /opt/eap/standalone/log
	jboss.server.name = sso-2-ftsqg
	jboss.server.persist.config = true
	jboss.server.temp.dir = /opt/eap/standalone/tmp
	jdk.debug = release
	line.separator = 

	logging.configuration = file:/opt/eap/bin/jboss-cli-logging.properties
	module.path = /opt/eap/modules
	org.jboss.boot.log.file = /opt/eap/standalone/log/server.log
	org.jboss.resolver.warning = true
	org.wildfly.logging.embedded = false
	os.arch = amd64
	os.name = Linux
	os.version = 4.18.0-305.45.1.el8_4.x86_64
	path.separator = :
	sun.arch.data.model = 64
	sun.boot.library.path = /usr/lib/jvm/java-11-openjdk-11.0.15.0.10-2.el8_6.x86_64/lib
	sun.cpu.endian = little
	sun.cpu.isalist = 
	sun.io.unicode.encoding = UnicodeLittle
	sun.java.command = /opt/eap/jboss-modules.jar -mp /opt/eap/modules org.jboss.as.cli
	sun.java.launcher = SUN_STANDARD
	sun.jnu.encoding = ANSI_X3.4-1968
	sun.management.compiler = HotSpot 64-Bit Tiered Compilers
	sun.os.patch.level = unknown
	user.country = US
	user.dir = /home/jboss
	user.home = /home/jboss
	user.language = en
	user.name = jboss
	user.timezone = GMT
[0m[32m11:01:19,159 DEBUG [org.jboss.as.config] (MSC service thread 1-2) VM Arguments: -Djboss.modules.settings.xml.url=file:///opt/jboss/container/wildfly/s2i/galleon/settings.xml --add-exports=java.base/sun.nio.ch=ALL-UNNAMED --add-exports=jdk.unsupported/sun.misc=ALL-UNNAMED --add-exports=jdk.unsupported/sun.reflect=ALL-UNNAMED --add-exports=java.desktop/sun.awt=ALL-UNNAMED --add-exports=java.naming/com.sun.jndi.ldap=ALL-UNNAMED --add-opens=java.base/java.lang=ALL-UNNAMED --add-opens=java.base/java.lang.invoke=ALL-UNNAMED --add-opens=java.base/java.lang.reflect=ALL-UNNAMED --add-opens=java.base/java.io=ALL-UNNAMED --add-opens=java.base/java.security=ALL-UNNAMED --add-opens=java.base/java.util=ALL-UNNAMED --add-opens=java.base/java.util.concurrent=ALL-UNNAMED --add-opens=java.management/javax.management=ALL-UNNAMED --add-opens=java.naming/javax.naming=ALL-UNNAMED -Djboss.modules.system.pkgs=com.sun.java.swing -Dcom.ibm.jsse2.overrideDefaultTLS=true -Dlogging.configuration=file:/opt/eap/bin/jboss-cli-logging.properties 
[0mWARNING: An illegal reflective access operation has occurred
WARNING: Illegal reflective access by org.wildfly.extension.elytron.SSLDefinitions (jar:file:/opt/jboss/container/wildfly/s2i/galleon/galleon-m2-repository/org/wildfly/core/wildfly-elytron-integration/15.0.8.Final-redhat-00001/wildfly-elytron-integration-15.0.8.Final-redhat-00001.jar!/) to method com.sun.net.ssl.internal.ssl.Provider.isFIPS()
WARNING: Please consider reporting this to the maintainers of org.wildfly.extension.elytron.SSLDefinitions
WARNING: Use --illegal-access=warn to enable warnings of further illegal reflective access operations
WARNING: All illegal access operations will be denied in a future release
[0m11:01:22,670 INFO  [org.wildfly.security] (ServerService Thread Pool -- 9) ELY00001: WildFly Elytron version 1.15.11.Final-redhat-00002
[0m[0m11:01:24,354 INFO  [org.jboss.as.controller.management-deprecated] (ServerService Thread Pool -- 33) WFLYCTL0033: Extension 'security' is deprecated and may not be supported in future versions
[0m[0m11:01:26,671 INFO  [org.jboss.as.controller.management-deprecated] (Controller Boot Thread) WFLYCTL0028: Attribute 'security-realm' in the resource at address '/subsystem=undertow/server=default-server/https-listener=https' is deprecated, and may be removed in a future version. See the attribute description in the output of the read-resource-description operation to learn more about the deprecation.
[0m[33m11:01:27,353 WARN  [org.wildfly.extension.elytron] (MSC service thread 1-1) WFLYELY00023: KeyStore file '/opt/eap/standalone/configuration/application.keystore' does not exist. Used blank.
[0m[33m11:01:27,358 WARN  [org.wildfly.extension.elytron] (MSC service thread 1-2) WFLYELY01084: KeyStore /opt/eap/standalone/configuration/application.keystore not found, it will be auto generated on first use with a self-signed certificate for host localhost
[0m[0m11:01:27,457 INFO  [org.jboss.as.patching] (MSC service thread 1-2) WFLYPAT0050: WildFly cumulative patch ID is: base, one-off patches include: none
[0m[0m11:01:27,457 INFO  [org.jboss.as.patching] (MSC service thread 1-2) WFLYPAT0050: Red Hat Single Sign-On cumulative patch ID is: base, one-off patches include: sso-752-rhsso-2657
[0m[0m11:01:28,968 INFO  [org.jboss.as.server] (Controller Boot Thread) WFLYSRV0212: Resuming server
[0m[0m11:01:28,969 INFO  [org.jboss.as] (Controller Boot Thread) WFLYSRV0025: WildFly Core 15.0.8.Final-redhat-00001 started in 10313ms - Started 60 of 93 services (42 services are lazy, passive or on-demand)
[0m[[;94;109mstandalone[0m@[;94;109membedded [0m/] batch
[[;94;109mstandalone[0m@[;94;109membedded [0m/[;92;109m #[0m] 
[[;94;109mstandalone[0m@[;94;109membedded [0m/[;92;109m #[0m] set DB_DRIVER_NAME=mariadb
[[;94;109mstandalone[0m@[;94;109membedded [0m/[;92;109m #[0m] set DB_USERNAME=userBHP
[[;94;109mstandalone[0m@[;94;109membedded [0m/[;92;109m #[0m] set DB_PASSWORD=Qo4W8SvhpDWEEWut
[[;94;109mstandalone[0m@[;94;109membedded [0m/[;92;109m #[0m] set DB_DRIVER=org.mariadb.jdbc.Driver
[[;94;109mstandalone[0m@[;94;109membedded [0m/[;92;109m #[0m] set DB_XA_DRIVER=org.mariadb.jdbc.MariaDbDataSource
[[;94;109mstandalone[0m@[;94;109membedded [0m/[;92;109m #[0m] set DB_JDBC_URL=jdbc:mariadb://mariadb/sampledb
[[;94;109mstandalone[0m@[;94;109membedded [0m/[;92;109m #[0m] set DB_EAP_MODULE=org.mariadb
[[;94;109mstandalone[0m@[;94;109membedded [0m/[;92;109m #[0m] 
[[;94;109mstandalone[0m@[;94;109membedded [0m/[;92;109m #[0m] set FILE=/opt/eap/extensions/jdbc-driver.jar
[[;94;109mstandalone[0m@[;94;109membedded [0m/[;92;109m #[0m] 
[[;94;109mstandalone[0m@[;94;109membedded [0m/[;92;109m #[0m] module add --name=$DB_EAP_MODULE --resources=$FILE --dependencies=javax.api,javax.resource.api
[[;94;109mstandalone[0m@[;94;109membedded [0m/[;92;109m #[0m] /subsystem=datasources/jdbc-driver=$DB_DRIVER_NAME:add( \
>   driver-name=$DB_DRIVER_NAME, \
>   driver-module-name=$DB_EAP_MODULE, \
>   driver-class-name=$DB_DRIVER, \
>   driver-xa-datasource-class-name=$DB_XA_DRIVER \
> )
[[;94;109mstandalone[0m@[;94;109membedded [0m/[;92;109m #[0m] /subsystem=datasources/data-source=KeycloakDS:remove()
[[;94;109mstandalone[0m@[;94;109membedded [0m/[;92;109m #[0m] /subsystem=datasources/data-source=KeycloakDS:add( \
>   jndi-name=java:jboss/datasources/KeycloakDS, \
>   enabled=true, \
>   use-java-context=true, \
>   connection-url=$DB_JDBC_URL, \
>   driver-name=$DB_DRIVER_NAME, \
>   user-name=$DB_USERNAME, \
>   password=$DB_PASSWORD \
> )
[[;94;109mstandalone[0m@[;94;109membedded [0m/[;92;109m #[0m] 
[[;94;109mstandalone[0m@[;94;109membedded [0m/[;92;109m #[0m] 
[[;94;109mstandalone[0m@[;94;109membedded [0m/[;92;109m #[0m] quit
[0m11:01:29,555 INFO  [org.jboss.as] (MSC service thread 1-1) WFLYSRV0050: WildFly Core 15.0.8.Final-redhat-00001 stopped in 102ms
[0mINFO Running rh-sso-7/sso75-openshift-rhel8 image, version 7.5
=========================================================================

  JBoss Bootstrap Environment

  JBOSS_HOME: /opt/eap

  JAVA: java

  JAVA_OPTS: -javaagent:"/opt/eap/jboss-modules.jar"  -server -Xlog:gc*:file="/opt/eap/standalone/log/gc.log":time,uptimemillis:filecount=5,filesize=3M -Xms128m -Xmx512m -XX:MetaspaceSize=96m -Djava.net.preferIPv4Stack=true -Djboss.modules.system.pkgs=jdk.nashorn.api,com.sun.crypto.provider -Djava.awt.headless=true -XX:+UseParallelOldGC -XX:MinHeapFreeRatio=10 -XX:MaxHeapFreeRatio=20 -XX:GCTimeRatio=4 -XX:AdaptiveSizePolicyWeight=90 -XX:ParallelGCThreads=1 -Djava.util.concurrent.ForkJoinPool.common.parallelism=1 -XX:CICompilerCount=2 -XX:+ExitOnOutOfMemoryError -Djava.security.egd=file:/dev/./urandom  -Djboss.modules.settings.xml.url=file:///opt/jboss/container/wildfly/s2i/galleon/settings.xml  --add-exports=java.base/sun.nio.ch=ALL-UNNAMED --add-exports=jdk.unsupported/sun.misc=ALL-UNNAMED --add-exports=jdk.unsupported/sun.reflect=ALL-UNNAMED --add-exports=java.desktop/sun.awt=ALL-UNNAMED --add-exports=java.naming/com.sun.jndi.ldap=ALL-UNNAMED --add-opens=java.base/java.lang=ALL-UNNAMED --add-opens=java.base/java.lang.invoke=ALL-UNNAMED --add-opens=java.base/java.lang.reflect=ALL-UNNAMED --add-opens=java.base/java.io=ALL-UNNAMED --add-opens=java.base/java.security=ALL-UNNAMED --add-opens=java.base/java.util=ALL-UNNAMED --add-opens=java.base/java.util.concurrent=ALL-UNNAMED --add-opens=java.management/javax.management=ALL-UNNAMED --add-opens=java.naming/javax.naming=ALL-UNNAMED

=========================================================================

[0m11:01:32,481 INFO  [org.jboss.modules] (main) JBoss Modules version 1.12.0.Final-redhat-00001
[0mWARNING: An illegal reflective access operation has occurred
WARNING: Illegal reflective access by org.jolokia.util.ClassUtil (jar:file:/usr/share/java/jolokia-jvm-agent/jolokia-jvm.jar!/) to constructor sun.security.x509.X500Name(java.lang.String,java.lang.String,java.lang.String,java.lang.String,java.lang.String,java.lang.String)
WARNING: Please consider reporting this to the maintainers of org.jolokia.util.ClassUtil
WARNING: Use --illegal-access=warn to enable warnings of further illegal reflective access operations
WARNING: All illegal access operations will be denied in a future release
[0m11:01:35,154 INFO  [org.jboss.msc] (main) JBoss MSC version 1.4.12.Final-redhat-00001
[0m[0m11:01:35,160 INFO  [org.jboss.threads] (main) JBoss Threads version 2.4.0.Final-redhat-00001
[0m[0m11:01:35,765 INFO  [org.jboss.as] (MSC service thread 1-2) WFLYSRV0049: WildFly Core 15.0.8.Final-redhat-00001 starting
[0m[32m11:01:35,766 DEBUG [org.jboss.as.config] (MSC service thread 1-2) Configured system properties:
	[Standalone] = 
	awt.toolkit = sun.awt.X11.XToolkit
	file.encoding = ANSI_X3.4-1968
	file.separator = /
	java.awt.graphicsenv = sun.awt.X11GraphicsEnvironment
	java.awt.headless = true
	java.awt.printerjob = sun.print.PSPrinterJob
	java.class.path = /opt/eap/jboss-modules.jar
	java.class.version = 55.0
	java.home = /usr/lib/jvm/java-11-openjdk-11.0.15.0.10-2.el8_6.x86_64
	java.io.tmpdir = /tmp
	java.library.path = /usr/java/packages/lib:/usr/lib64:/lib64:/lib:/usr/lib
	java.net.preferIPv4Stack = true
	java.runtime.name = OpenJDK Runtime Environment
	java.runtime.version = 11.0.15+10-LTS
	java.security.egd = file:/dev/./urandom
	java.specification.name = Java Platform API Specification
	java.specification.vendor = Oracle Corporation
	java.specification.version = 11
	java.util.concurrent.ForkJoinPool.common.parallelism = 1
	java.util.logging.manager = org.jboss.logmanager.LogManager
	java.vendor = Red Hat, Inc.
	java.vendor.url = https://www.redhat.com/
	java.vendor.url.bug = https://bugzilla.redhat.com/enter_bug.cgi?product=Red%20Hat%20Enterprise%20Linux%208&component=java-11-openjdk
	java.vendor.version = 18.9
	java.version = 11.0.15
	java.version.date = 2022-04-19
	java.vm.compressedOopsMode = 32-bit
	java.vm.info = mixed mode, sharing
	java.vm.name = OpenJDK 64-Bit Server VM
	java.vm.specification.name = Java Virtual Machine Specification
	java.vm.specification.vendor = Oracle Corporation
	java.vm.specification.version = 11
	java.vm.vendor = Red Hat, Inc.
	java.vm.version = 11.0.15+10-LTS
	javax.management.builder.initial = org.jboss.as.jmx.PluggableMBeanServerBuilder
	jboss.bind.address = 10.129.2.21
	jboss.bind.address.private = 10.129.2.21
	jboss.home.dir = /opt/eap
	jboss.host.name = sso-2-ftsqg
	jboss.modules.dir = /opt/eap/modules
	jboss.modules.settings.xml.url = file:///opt/jboss/container/wildfly/s2i/galleon/settings.xml
	jboss.modules.system.pkgs = jdk.nashorn.api,com.sun.crypto.provider
	jboss.node.name = sso-2-ftsqg
	jboss.qualified.host.name = sso-2-ftsqg
	jboss.server.base.dir = /opt/eap/standalone
	jboss.server.config.dir = /opt/eap/standalone/configuration
	jboss.server.data.dir = /opt/eap/standalone/data
	jboss.server.deploy.dir = /opt/eap/standalone/data/content
	jboss.server.log.dir = /opt/eap/standalone/log
	jboss.server.name = sso-2-ftsqg
	jboss.server.persist.config = true
	jboss.server.temp.dir = /opt/eap/standalone/tmp
	jdk.debug = release
	line.separator = 

	logging.configuration = file:/opt/eap/standalone/configuration/logging.properties
	module.path = /opt/eap/modules
	org.jboss.boot.log.file = /opt/eap/standalone/log/server.log
	org.jboss.resolver.warning = true
	os.arch = amd64
	os.name = Linux
	os.version = 4.18.0-305.45.1.el8_4.x86_64
	path.separator = :
	sun.arch.data.model = 64
	sun.boot.library.path = /usr/lib/jvm/java-11-openjdk-11.0.15.0.10-2.el8_6.x86_64/lib
	sun.cpu.endian = little
	sun.cpu.isalist = 
	sun.io.unicode.encoding = UnicodeLittle
	sun.java.command = /opt/eap/jboss-modules.jar -javaagent:/usr/share/java/jolokia-jvm-agent/jolokia-jvm.jar=config=/opt/jboss/container/jolokia/etc/jolokia.properties -mp /opt/eap/modules org.jboss.as.standalone -Djboss.home.dir=/opt/eap -Djboss.server.base.dir=/opt/eap/standalone -c standalone-openshift.xml -b 10.129.2.21 -bprivate 10.129.2.21 -Djboss.node.name=sso-2-ftsqg
	sun.java.launcher = SUN_STANDARD
	sun.jnu.encoding = ANSI_X3.4-1968
	sun.management.compiler = HotSpot 64-Bit Tiered Compilers
	sun.os.patch.level = unknown
	user.country = US
	user.dir = /home/jboss
	user.home = /home/jboss
	user.language = en
	user.name = jboss
	user.timezone = GMT
[0m[32m11:01:35,767 DEBUG [org.jboss.as.config] (MSC service thread 1-2) VM Arguments: -D[Standalone] -javaagent:/opt/eap/jboss-modules.jar -Xlog:gc*:file=/opt/eap/standalone/log/gc.log:time,uptimemillis:filecount=5,filesize=3M -Xms128m -Xmx512m -XX:MetaspaceSize=96m -Djava.net.preferIPv4Stack=true -Djboss.modules.system.pkgs=jdk.nashorn.api,com.sun.crypto.provider -Djava.awt.headless=true -XX:+UseParallelOldGC -XX:MinHeapFreeRatio=10 -XX:MaxHeapFreeRatio=20 -XX:GCTimeRatio=4 -XX:AdaptiveSizePolicyWeight=90 -XX:ParallelGCThreads=1 -Djava.util.concurrent.ForkJoinPool.common.parallelism=1 -XX:CICompilerCount=2 -XX:+ExitOnOutOfMemoryError -Djava.security.egd=file:/dev/./urandom -Djboss.modules.settings.xml.url=file:///opt/jboss/container/wildfly/s2i/galleon/settings.xml --add-exports=java.base/sun.nio.ch=ALL-UNNAMED --add-exports=jdk.unsupported/sun.misc=ALL-UNNAMED --add-exports=jdk.unsupported/sun.reflect=ALL-UNNAMED --add-exports=java.desktop/sun.awt=ALL-UNNAMED --add-exports=java.naming/com.sun.jndi.ldap=ALL-UNNAMED --add-opens=java.base/java.lang=ALL-UNNAMED --add-opens=java.base/java.lang.invoke=ALL-UNNAMED --add-opens=java.base/java.lang.reflect=ALL-UNNAMED --add-opens=java.base/java.io=ALL-UNNAMED --add-opens=java.base/java.security=ALL-UNNAMED --add-opens=java.base/java.util=ALL-UNNAMED --add-opens=java.base/java.util.concurrent=ALL-UNNAMED --add-opens=java.management/javax.management=ALL-UNNAMED --add-opens=java.naming/javax.naming=ALL-UNNAMED -Dorg.jboss.boot.log.file=/opt/eap/standalone/log/server.log -Dlogging.configuration=file:/opt/eap/standalone/configuration/logging.properties 
[0m[0m11:01:36,954 INFO  [stdout] (JolokiaStart) I> No access restrictor found, access to any MBean is allowed
[0m[0m11:01:36,958 INFO  [stdout] (JolokiaStart) Jolokia: Agent started with URL https://10.129.2.21:8778/jolokia/
[0m[0m11:01:40,256 INFO  [org.wildfly.security] (ServerService Thread Pool -- 30) ELY00001: WildFly Elytron version 1.15.11.Final-redhat-00002
[0m[0m11:01:41,462 INFO  [org.jboss.as.controller.management-deprecated] (ServerService Thread Pool -- 6) WFLYCTL0033: Extension 'security' is deprecated and may not be supported in future versions
[0m