[0;33mWARN There is a problem with your service configuration![0m
[0;33mWARN You provided following database mapping (via TX_SERVICE_PREFIX_MAPPING environment variable): sso-mariadb=DB. To configure datasources we expect SSO_MARIADB_SERVICE_HOST and SSO_MARIADB_SERVICE_PORT to be set.[0m
[0;33mWARN [0m
[0;33mWARN Current values:[0m
[0;33mWARN [0m
[0;33mWARN SSO_MARIADB_SERVICE_HOST: [0m
[0;33mWARN SSO_MARIADB_SERVICE_PORT: [0m
[0;33mWARN [0m
[0;33mWARN Please make sure you provided correct service name and prefix in the mapping. Additionally please check that you do not set portalIP to None in the sso-mariadb service. Headless services are not supported at this time.[0m
[0;33mWARN [0m
[0;33mWARN The mariadb datasource for DB service WILL NOT be configured.[0m
INFO Configuring JGroups discovery protocol to dns.DNS_PING
INFO Creating JGroups keystore via OpenShift's service serving x509 certificate secrets..
INFO JGroups keystore successfully created at: /opt/eap/keystores/jgroups-keystore.jks
INFO Creating HTTPS keystore via OpenShift's service serving x509 certificate secrets..
INFO HTTPS keystore successfully created at: /opt/eap/keystores/https-keystore.jks
INFO Creating RH-SSO truststore..
INFO RH-SSO truststore successfully created at: /opt/eap/keystores/truststore.jks
Warning: use -cacerts option to access cacerts keystore
INFO Importing certificates from system's Java CA certificate bundle into RH-SSO truststore..
INFO Successfully imported certificates from system's Java CA certificate bundle into RH-SSO truststore at: /opt/eap/keystores/truststore.jks
INFO Using PicketBox SSL configuration.
INFO Configuring JGroups cluster traffic encryption protocol to SYM_ENCRYPT.
[0;33mWARN Detected missing JGroups encryption configuration, the communication within the cluster WILL NOT be encrypted.[0m
Added 'DPMw5XDu' to '/opt/eap/standalone/configuration/keycloak-add-user.json', restart server to load user
INFO Access log is disabled, ignoring configuration.
You are disconnected at the moment. Type 'connect' to connect to the server or 'help' for the list of supported commands.
[[;91;109mdisconnected [0m/] embed-server --std-out=echo  --server-config=standalone-openshift.xml
[0m11:22:56,360 INFO  [org.jboss.modules] (CLI command executor) JBoss Modules version 1.12.0.Final-redhat-00001
[0m[0m11:22:56,653 INFO  [org.jboss.msc] (CLI command executor) JBoss MSC version 1.4.12.Final-redhat-00001
[0m[0m11:22:56,660 INFO  [org.jboss.threads] (CLI command executor) JBoss Threads version 2.4.0.Final-redhat-00001
[0m[0m11:22:56,972 INFO  [org.jboss.as] (MSC service thread 1-2) WFLYSRV0049: WildFly Core 15.0.8.Final-redhat-00001 starting
[0m[32m11:22:56,974 DEBUG [org.jboss.as.config] (MSC service thread 1-2) Configured system properties:
	awt.toolkit = sun.awt.X11.XToolkit
	com.ibm.jsse2.overrideDefaultTLS = true
	file.encoding = ANSI_X3.4-1968
	file.separator = /
	java.awt.graphicsenv = sun.awt.X11GraphicsEnvironment
	java.awt.printerjob = sun.print.PSPrinterJob
	java.class.path = /opt/eap/jboss-modules.jar
	java.class.version = 55.0
	java.home = /usr/lib/jvm/java-11-openjdk-11.0.15.0.10-2.el8_6.x86_64
	java.io.tmpdir = /tmp
	java.library.path = /usr/java/packages/lib:/usr/lib64:/lib64:/lib:/usr/lib
	java.runtime.name = OpenJDK Runtime Environment
	java.runtime.version = 11.0.15+10-LTS
	java.specification.name = Java Platform API Specification
	java.specification.vendor = Oracle Corporation
	java.specification.version = 11
	java.util.logging.manager = org.jboss.logmanager.LogManager
	java.vendor = Red Hat, Inc.
	java.vendor.url = https://www.redhat.com/
	java.vendor.url.bug = https://bugzilla.redhat.com/enter_bug.cgi?product=Red%20Hat%20Enterprise%20Linux%208&component=java-11-openjdk
	java.vendor.version = 18.9
	java.version = 11.0.15
	java.version.date = 2022-04-19
	java.vm.compressedOopsMode = 32-bit
	java.vm.info = mixed mode, sharing
	java.vm.name = OpenJDK 64-Bit Server VM
	java.vm.specification.name = Java Virtual Machine Specification
	java.vm.specification.vendor = Oracle Corporation
	java.vm.specification.version = 11
	java.vm.vendor = Red Hat, Inc.
	java.vm.version = 11.0.15+10-LTS
	jboss.home.dir = /opt/eap
	jboss.host.name = sso-5-wcnjj
	jboss.modules.dir = /opt/eap/modules
	jboss.modules.settings.xml.url = file:///opt/jboss/container/wildfly/s2i/galleon/settings.xml
	jboss.modules.system.pkgs = com.sun.java.swing
	jboss.node.name = sso-5-wcnjj
	jboss.qualified.host.name = sso-5-wcnjj
	jboss.server.base.dir = /opt/eap/standalone
	jboss.server.config.dir = /opt/eap/standalone/configuration
	jboss.server.content.dir = /opt/eap/standalone/data/content
	jboss.server.data.dir = /opt/eap/standalone/data
	jboss.server.deploy.dir = /opt/eap/standalone/data/content
	jboss.server.log.dir = /opt/eap/standalone/log
	jboss.server.name = sso-5-wcnjj
	jboss.server.persist.config = true
	jboss.server.temp.dir = /opt/eap/standalone/tmp
	jdk.debug = release
	line.separator = 

	logging.configuration = file:/opt/eap/bin/jboss-cli-logging.properties
	module.path = /opt/eap/modules
	org.jboss.boot.log.file = /opt/eap/standalone/log/server.log
	org.jboss.resolver.warning = true
	org.wildfly.logging.embedded = false
	os.arch = amd64
	os.name = Linux
	os.version = 4.18.0-305.45.1.el8_4.x86_64
	path.separator = :
	sun.arch.data.model = 64
	sun.boot.library.path = /usr/lib/jvm/java-11-openjdk-11.0.15.0.10-2.el8_6.x86_64/lib
	sun.cpu.endian = little
	sun.cpu.isalist = 
	sun.io.unicode.encoding = UnicodeLittle
	sun.java.command = /opt/eap/jboss-modules.jar -mp /opt/eap/modules org.jboss.as.cli
	sun.java.launcher = SUN_STANDARD
	sun.jnu.encoding = ANSI_X3.4-1968
	sun.management.compiler = HotSpot 64-Bit Tiered Compilers
	sun.os.patch.level = unknown
	user.country = US
	user.dir = /home/jboss
	user.home = /home/jboss
	user.language = en
	user.name = jboss
	user.timezone = GMT
[0m[32m11:22:56,975 DEBUG [org.jboss.as.config] (MSC service thread 1-2) VM Arguments: -Djboss.modules.settings.xml.url=file:///opt/jboss/container/wildfly/s2i/galleon/settings.xml --add-exports=java.base/sun.nio.ch=ALL-UNNAMED --add-exports=jdk.unsupported/sun.misc=ALL-UNNAMED --add-exports=jdk.unsupported/sun.reflect=ALL-UNNAMED --add-exports=java.desktop/sun.awt=ALL-UNNAMED --add-exports=java.naming/com.sun.jndi.ldap=ALL-UNNAMED --add-opens=java.base/java.lang=ALL-UNNAMED --add-opens=java.base/java.lang.invoke=ALL-UNNAMED --add-opens=java.base/java.lang.reflect=ALL-UNNAMED --add-opens=java.base/java.io=ALL-UNNAMED --add-opens=java.base/java.security=ALL-UNNAMED --add-opens=java.base/java.util=ALL-UNNAMED --add-opens=java.base/java.util.concurrent=ALL-UNNAMED --add-opens=java.management/javax.management=ALL-UNNAMED --add-opens=java.naming/javax.naming=ALL-UNNAMED -Djboss.modules.system.pkgs=com.sun.java.swing -Dcom.ibm.jsse2.overrideDefaultTLS=true -Dlogging.configuration=file:/opt/eap/bin/jboss-cli-logging.properties 
[0mWARNING: An illegal reflective access operation has occurred
WARNING: Illegal reflective access by org.wildfly.extension.elytron.SSLDefinitions (jar:file:/opt/jboss/container/wildfly/s2i/galleon/galleon-m2-repository/org/wildfly/core/wildfly-elytron-integration/15.0.8.Final-redhat-00001/wildfly-elytron-integration-15.0.8.Final-redhat-00001.jar!/) to method com.sun.net.ssl.internal.ssl.Provider.isFIPS()
WARNING: Please consider reporting this to the maintainers of org.wildfly.extension.elytron.SSLDefinitions
WARNING: Use --illegal-access=warn to enable warnings of further illegal reflective access operations
WARNING: All illegal access operations will be denied in a future release
[0m11:23:00,866 INFO  [org.wildfly.security] (ServerService Thread Pool -- 30) ELY00001: WildFly Elytron version 1.15.11.Final-redhat-00002
[0m[0m11:23:02,258 INFO  [org.jboss.as.controller.management-deprecated] (ServerService Thread Pool -- 14) WFLYCTL0033: Extension 'security' is deprecated and may not be supported in future versions
[0m[0m11:23:04,759 INFO  [org.jboss.as.controller.management-deprecated] (Controller Boot Thread) WFLYCTL0028: Attribute 'security-realm' in the resource at address '/subsystem=undertow/server=default-server/https-listener=https' is deprecated, and may be removed in a future version. See the attribute description in the output of the read-resource-description operation to learn more about the deprecation.
[0m[33m11:23:05,258 WARN  [org.wildfly.extension.elytron] (MSC service thread 1-2) WFLYELY00023: KeyStore file '/opt/eap/standalone/configuration/application.keystore' does not exist. Used blank.
[0m[33m11:23:05,356 WARN  [org.wildfly.extension.elytron] (MSC service thread 1-2) WFLYELY01084: KeyStore /opt/eap/standalone/configuration/application.keystore not found, it will be auto generated on first use with a self-signed certificate for host localhost
[0m[0m11:23:05,456 INFO  [org.jboss.as.patching] (MSC service thread 1-1) WFLYPAT0050: WildFly cumulative patch ID is: base, one-off patches include: none
[0m[0m11:23:05,456 INFO  [org.jboss.as.patching] (MSC service thread 1-1) WFLYPAT0050: Red Hat Single Sign-On cumulative patch ID is: base, one-off patches include: sso-752-rhsso-2657
[0m[0m11:23:07,568 INFO  [org.jboss.as.server] (Controller Boot Thread) WFLYSRV0212: Resuming server
[0m[0m11:23:07,569 INFO  [org.jboss.as] (Controller Boot Thread) WFLYSRV0025: WildFly Core 15.0.8.Final-redhat-00001 started in 11103ms - Started 60 of 93 services (42 services are lazy, passive or on-demand)
[0m[[;94;109mstandalone[0m@[;94;109membedded [0m/] batch
[[;94;109mstandalone[0m@[;94;109membedded [0m/[;92;109m #[0m] 
[[;94;109mstandalone[0m@[;94;109membedded [0m/[;92;109m #[0m] set DB_DRIVER_NAME=mariadb
[[;94;109mstandalone[0m@[;94;109membedded [0m/[;92;109m #[0m] set DB_USERNAME=userBHP
[[;94;109mstandalone[0m@[;94;109membedded [0m/[;92;109m #[0m] set DB_PASSWORD=Qo4W8SvhpDWEEWut
[[;94;109mstandalone[0m@[;94;109membedded [0m/[;92;109m #[0m] set DB_DRIVER=org.mariadb.jdbc.Driver
[[;94;109mstandalone[0m@[;94;109membedded [0m/[;92;109m #[0m] set DB_XA_DRIVER=org.mariadb.jdbc.MariaDbDataSource
[[;94;109mstandalone[0m@[;94;109membedded [0m/[;92;109m #[0m] set DB_JDBC_URL=jdbc:mariadb://mariadb/sampledb
[[;94;109mstandalone[0m@[;94;109membedded [0m/[;92;109m #[0m] set DB_EAP_MODULE=org.mariadb
[[;94;109mstandalone[0m@[;94;109membedded [0m/[;92;109m #[0m] 
[[;94;109mstandalone[0m@[;94;109membedded [0m/[;92;109m #[0m] set FILE=/opt/eap/extensions/jdbc-driver.jar
[[;94;109mstandalone[0m@[;94;109membedded [0m/[;92;109m #[0m] 
[[;94;109mstandalone[0m@[;94;109membedded [0m/[;92;109m #[0m] module add --name=$DB_EAP_MODULE --resources=$FILE --dependencies=javax.api,javax.resource.api
[[;94;109mstandalone[0m@[;94;109membedded [0m/[;92;109m #[0m] /subsystem=datasources/jdbc-driver=$DB_DRIVER_NAME:add( \
>   driver-name=$DB_DRIVER_NAME, \
>   driver-module-name=$DB_EAP_MODULE, \
>   driver-class-name=$DB_DRIVER, \
>   driver-xa-datasource-class-name=$DB_XA_DRIVER \
> )
[[;94;109mstandalone[0m@[;94;109membedded [0m/[;92;109m #[0m] /subsystem=datasources/data-source=KeycloakDS:remove()
[[;94;109mstandalone[0m@[;94;109membedded [0m/[;92;109m #[0m] /subsystem=datasources/data-source=KeycloakDS:add( \
>   jndi-name=java:jboss/datasources/KeycloakDS, \
>   enabled=true, \
>   use-java-context=true, \
>   connection-url=$DB_JDBC_URL, \
>   driver-name=$DB_DRIVER_NAME, \
>   user-name=$DB_USERNAME, \
>   password=$DB_PASSWORD \
> )
[[;94;109mstandalone[0m@[;94;109membedded [0m/[;92;109m #[0m] 
[[;94;109mstandalone[0m@[;94;109membedded [0m/[;92;109m #[0m] 
[[;94;109mstandalone[0m@[;94;109membedded [0m/[;92;109m #[0m] quit
[0m11:23:08,160 INFO  [org.jboss.as] (MSC service thread 1-2) WFLYSRV0050: WildFly Core 15.0.8.Final-redhat-00001 stopped in 97ms
[0mINFO Running rh-sso-7/sso75-openshift-rhel8 image, version 7.5
=========================================================================

  JBoss Bootstrap Environment

  JBOSS_HOME: /opt/eap

  JAVA: java

  JAVA_OPTS: -javaagent:"/opt/eap/jboss-modules.jar"  -server -Xlog:gc*:file="/opt/eap/standalone/log/gc.log":time,uptimemillis:filecount=5,filesize=3M -Xms128m -Xmx512m -XX:MetaspaceSize=96m -Djava.net.preferIPv4Stack=true -Djboss.modules.system.pkgs=jdk.nashorn.api,com.sun.crypto.provider -Djava.awt.headless=true -XX:+UseParallelOldGC -XX:MinHeapFreeRatio=10 -XX:MaxHeapFreeRatio=20 -XX:GCTimeRatio=4 -XX:AdaptiveSizePolicyWeight=90 -XX:ParallelGCThreads=1 -Djava.util.concurrent.ForkJoinPool.common.parallelism=1 -XX:CICompilerCount=2 -XX:+ExitOnOutOfMemoryError -Djava.security.egd=file:/dev/./urandom  -Djboss.modules.settings.xml.url=file:///opt/jboss/container/wildfly/s2i/galleon/settings.xml  --add-exports=java.base/sun.nio.ch=ALL-UNNAMED --add-exports=jdk.unsupported/sun.misc=ALL-UNNAMED --add-exports=jdk.unsupported/sun.reflect=ALL-UNNAMED --add-exports=java.desktop/sun.awt=ALL-UNNAMED --add-exports=java.naming/com.sun.jndi.ldap=ALL-UNNAMED --add-opens=java.base/java.lang=ALL-UNNAMED --add-opens=java.base/java.lang.invoke=ALL-UNNAMED --add-opens=java.base/java.lang.reflect=ALL-UNNAMED --add-opens=java.base/java.io=ALL-UNNAMED --add-opens=java.base/java.security=ALL-UNNAMED --add-opens=java.base/java.util=ALL-UNNAMED --add-opens=java.base/java.util.concurrent=ALL-UNNAMED --add-opens=java.management/javax.management=ALL-UNNAMED --add-opens=java.naming/javax.naming=ALL-UNNAMED

=========================================================================

[0m11:23:11,176 INFO  [org.jboss.modules] (main) JBoss Modules version 1.12.0.Final-redhat-00001
[0mWARNING: An illegal reflective access operation has occurred
WARNING: Illegal reflective access by org.jolokia.util.ClassUtil (jar:file:/usr/share/java/jolokia-jvm-agent/jolokia-jvm.jar!/) to constructor sun.security.x509.X500Name(java.lang.String,java.lang.String,java.lang.String,java.lang.String,java.lang.String,java.lang.String)
WARNING: Please consider reporting this to the maintainers of org.jolokia.util.ClassUtil
WARNING: Use --illegal-access=warn to enable warnings of further illegal reflective access operations
WARNING: All illegal access operations will be denied in a future release
[0m11:23:14,053 INFO  [org.jboss.msc] (main) JBoss MSC version 1.4.12.Final-redhat-00001
[0m[0m11:23:14,059 INFO  [org.jboss.threads] (main) JBoss Threads version 2.4.0.Final-redhat-00001
[0m[0m11:23:14,781 INFO  [org.jboss.as] (MSC service thread 1-2) WFLYSRV0049: WildFly Core 15.0.8.Final-redhat-00001 starting
[0m[32m11:23:14,855 DEBUG [org.jboss.as.config] (MSC service thread 1-2) Configured system properties:
	[Standalone] = 
	awt.toolkit = sun.awt.X11.XToolkit
	file.encoding = ANSI_X3.4-1968
	file.separator = /
	java.awt.graphicsenv = sun.awt.X11GraphicsEnvironment
	java.awt.headless = true
	java.awt.printerjob = sun.print.PSPrinterJob
	java.class.path = /opt/eap/jboss-modules.jar
	java.class.version = 55.0
	java.home = /usr/lib/jvm/java-11-openjdk-11.0.15.0.10-2.el8_6.x86_64
	java.io.tmpdir = /tmp
	java.library.path = /usr/java/packages/lib:/usr/lib64:/lib64:/lib:/usr/lib
	java.net.preferIPv4Stack = true
	java.runtime.name = OpenJDK Runtime Environment
	java.runtime.version = 11.0.15+10-LTS
	java.security.egd = file:/dev/./urandom
	java.specification.name = Java Platform API Specification
	java.specification.vendor = Oracle Corporation
	java.specification.version = 11
	java.util.concurrent.ForkJoinPool.common.parallelism = 1
	java.util.logging.manager = org.jboss.logmanager.LogManager
	java.vendor = Red Hat, Inc.
	java.vendor.url = https://www.redhat.com/
	java.vendor.url.bug = https://bugzilla.redhat.com/enter_bug.cgi?product=Red%20Hat%20Enterprise%20Linux%208&component=java-11-openjdk
	java.vendor.version = 18.9
	java.version = 11.0.15
	java.version.date = 2022-04-19
	java.vm.compressedOopsMode = 32-bit
	java.vm.info = mixed mode, sharing
	java.vm.name = OpenJDK 64-Bit Server VM
	java.vm.specification.name = Java Virtual Machine Specification
	java.vm.specification.vendor = Oracle Corporation
	java.vm.specification.version = 11
	java.vm.vendor = Red Hat, Inc.
	java.vm.version = 11.0.15+10-LTS
	javax.management.builder.initial = org.jboss.as.jmx.PluggableMBeanServerBuilder
	jboss.bind.address = 10.129.2.30
	jboss.bind.address.private = 10.129.2.30
	jboss.home.dir = /opt/eap
	jboss.host.name = sso-5-wcnjj
	jboss.modules.dir = /opt/eap/modules
	jboss.modules.settings.xml.url = file:///opt/jboss/container/wildfly/s2i/galleon/settings.xml
	jboss.modules.system.pkgs = jdk.nashorn.api,com.sun.crypto.provider
	jboss.node.name = sso-5-wcnjj
	jboss.qualified.host.name = sso-5-wcnjj
	jboss.server.base.dir = /opt/eap/standalone
	jboss.server.config.dir = /opt/eap/standalone/configuration
	jboss.server.data.dir = /opt/eap/standalone/data
	jboss.server.deploy.dir = /opt/eap/standalone/data/content
	jboss.server.log.dir = /opt/eap/standalone/log
	jboss.server.name = sso-5-wcnjj
	jboss.server.persist.config = true
	jboss.server.temp.dir = /opt/eap/standalone/tmp
	jdk.debug = release
	line.separator = 

	logging.configuration = file:/opt/eap/standalone/configuration/logging.properties
	module.path = /opt/eap/modules
	org.jboss.boot.log.file = /opt/eap/standalone/log/server.log
	org.jboss.resolver.warning = true
	os.arch = amd64
	os.name = Linux
	os.version = 4.18.0-305.45.1.el8_4.x86_64
	path.separator = :
	sun.arch.data.model = 64
	sun.boot.library.path = /usr/lib/jvm/java-11-openjdk-11.0.15.0.10-2.el8_6.x86_64/lib
	sun.cpu.endian = little
	sun.cpu.isalist = 
	sun.io.unicode.encoding = UnicodeLittle
	sun.java.command = /opt/eap/jboss-modules.jar -javaagent:/usr/share/java/jolokia-jvm-agent/jolokia-jvm.jar=config=/opt/jboss/container/jolokia/etc/jolokia.properties -mp /opt/eap/modules org.jboss.as.standalone -Djboss.home.dir=/opt/eap -Djboss.server.base.dir=/opt/eap/standalone -c standalone-openshift.xml -b 10.129.2.30 -bprivate 10.129.2.30 -Djboss.node.name=sso-5-wcnjj
	sun.java.launcher = SUN_STANDARD
	sun.jnu.encoding = ANSI_X3.4-1968
	sun.management.compiler = HotSpot 64-Bit Tiered Compilers
	sun.os.patch.level = unknown
	user.country = US
	user.dir = /home/jboss
	user.home = /home/jboss
	user.language = en
	user.name = jboss
	user.timezone = GMT
[0m[32m11:23:14,856 DEBUG [org.jboss.as.config] (MSC service thread 1-2) VM Arguments: -D[Standalone] -javaagent:/opt/eap/jboss-modules.jar -Xlog:gc*:file=/opt/eap/standalone/log/gc.log:time,uptimemillis:filecount=5,filesize=3M -Xms128m -Xmx512m -XX:MetaspaceSize=96m -Djava.net.preferIPv4Stack=true -Djboss.modules.system.pkgs=jdk.nashorn.api,com.sun.crypto.provider -Djava.awt.headless=true -XX:+UseParallelOldGC -XX:MinHeapFreeRatio=10 -XX:MaxHeapFreeRatio=20 -XX:GCTimeRatio=4 -XX:AdaptiveSizePolicyWeight=90 -XX:ParallelGCThreads=1 -Djava.util.concurrent.ForkJoinPool.common.parallelism=1 -XX:CICompilerCount=2 -XX:+ExitOnOutOfMemoryError -Djava.security.egd=file:/dev/./urandom -Djboss.modules.settings.xml.url=file:///opt/jboss/container/wildfly/s2i/galleon/settings.xml --add-exports=java.base/sun.nio.ch=ALL-UNNAMED --add-exports=jdk.unsupported/sun.misc=ALL-UNNAMED --add-exports=jdk.unsupported/sun.reflect=ALL-UNNAMED --add-exports=java.desktop/sun.awt=ALL-UNNAMED --add-exports=java.naming/com.sun.jndi.ldap=ALL-UNNAMED --add-opens=java.base/java.lang=ALL-UNNAMED --add-opens=java.base/java.lang.invoke=ALL-UNNAMED --add-opens=java.base/java.lang.reflect=ALL-UNNAMED --add-opens=java.base/java.io=ALL-UNNAMED --add-opens=java.base/java.security=ALL-UNNAMED --add-opens=java.base/java.util=ALL-UNNAMED --add-opens=java.base/java.util.concurrent=ALL-UNNAMED --add-opens=java.management/javax.management=ALL-UNNAMED --add-opens=java.naming/javax.naming=ALL-UNNAMED -Dorg.jboss.boot.log.file=/opt/eap/standalone/log/server.log -Dlogging.configuration=file:/opt/eap/standalone/configuration/logging.properties 
[0m[0m11:23:14,856 INFO  [stdout] (JolokiaStart) I> No access restrictor found, access to any MBean is allowed
[0m[0m11:23:14,862 INFO  [stdout] (JolokiaStart) Jolokia: Agent started with URL https://10.129.2.30:8778/jolokia/
[0m[0m11:23:19,356 INFO  [org.wildfly.security] (ServerService Thread Pool -- 30) ELY00001: WildFly Elytron version 1.15.11.Final-redhat-00002
[0m[0m11:23:20,657 INFO  [org.jboss.as.controller.management-deprecated] (ServerService Thread Pool -- 21) WFLYCTL0033: Extension 'security' is deprecated and may not be supported in future versions
[0m[0m11:23:22,853 INFO  [org.jboss.as.controller.management-deprecated] (ServerService Thread Pool -- 31) WFLYCTL0028: Attribute 'security-realm' in the resource at address '/subsystem=undertow/server=default-server/https-listener=https' is deprecated, and may be removed in a future version. See the attribute description in the output of the read-resource-description operation to learn more about the deprecation.
[0m[0m11:23:23,562 INFO  [org.jboss.as.server] (Controller Boot Thread) WFLYSRV0039: Creating http management service using socket-binding (management-http)
[0m[33m11:23:23,566 WARN  [org.jboss.as.server] (Controller Boot Thread) WFLYSRV0035: No security realm or http server authentication defined for http management service; all access will be unrestricted.
[0m[0m11:23:23,657 INFO  [org.xnio] (MSC service thread 1-1) XNIO version 3.8.6.Final-redhat-00001
[0m[0m11:23:23,664 INFO  [org.xnio.nio] (MSC service thread 1-1) XNIO NIO Implementation Version 3.8.6.Final-redhat-00001
[0m[0m11:23:23,955 INFO  [org.jboss.as.clustering.jgroups] (ServerService Thread Pool -- 56) WFLYCLJG0001: Activating JGroups subsystem. JGroups version 4.2.11
[0m[0m11:23:23,954 INFO  [org.jboss.as.jaxrs] (ServerService Thread Pool -- 53) WFLYRS0016: RESTEasy version 3.15.3.Final-redhat-00001
[0m[0m11:23:23,962 INFO  [org.jboss.as.security] (ServerService Thread Pool -- 68) WFLYSEC0002: Activating Security Subsystem
[0m[0m11:23:24,053 INFO  [org.wildfly.extension.metrics] (ServerService Thread Pool -- 61) WFLYMETRICS0001: Activating Base Metrics Subsystem
[0m[0m11:23:24,057 INFO  [org.jboss.as.clustering.infinispan] (ServerService Thread Pool -- 51) WFLYCLINF0001: Activating Infinispan subsystem.
[0m[0m11:23:24,058 INFO  [org.jboss.as.webservices] (ServerService Thread Pool -- 74) WFLYWS0002: Activating WebServices Extension
[0m[0m11:23:24,157 INFO  [org.wildfly.extension.io] (ServerService Thread Pool -- 52) WFLYIO001: Worker 'default' has auto-configured to 2 IO threads with 16 max task threads based on your 1 available processors
[0m[0m11:23:24,255 INFO  [org.jboss.as.naming] (ServerService Thread Pool -- 62) WFLYNAM0001: Activating Naming Subsystem
[0m[0m11:23:24,353 INFO  [org.wildfly.extension.health] (ServerService Thread Pool -- 50) WFLYHEALTH0001: Activating Base Health Subsystem
[0m[0m11:23:24,354 INFO  [org.jboss.as.jsf] (ServerService Thread Pool -- 59) WFLYJSF0007: Activated the following Jakarta Server Faces Implementations: [main]
[0m[0m11:23:24,357 INFO  [org.jboss.as.security] (MSC service thread 1-2) WFLYSEC0001: Current PicketBox version=5.0.3.Final-redhat-00008
[0m[0m11:23:24,556 INFO  [org.jboss.as.connector.subsystems.datasources] (ServerService Thread Pool -- 42) WFLYJCA0004: Deploying JDBC-compliant driver class org.h2.Driver (version 1.4)
[0m[0m11:23:25,055 INFO  [org.jboss.as.connector.subsystems.datasources] (ServerService Thread Pool -- 42) WFLYJCA0005: Deploying non-JDBC-compliant driver class org.postgresql.Driver (version 42.2)
[0m[0m11:23:25,756 INFO  [org.wildfly.extension.undertow] (MSC service thread 1-1) WFLYUT0003: Undertow 2.2.16.Final-redhat-00001 starting
[0m[0m11:23:25,857 INFO  [org.wildfly.extension.undertow] (ServerService Thread Pool -- 72) WFLYUT0014: Creating file handler for path '/opt/eap/root-app-redirect' with options [directory-listing: 'false', follow-symlink: 'false', case-sensitive: 'true', safe-symlink-paths: '[]']
[0m[0m11:23:27,157 INFO  [org.jboss.remoting] (MSC service thread 1-2) JBoss Remoting version 5.0.23.SP1-redhat-00001
[0m[0m11:23:27,357 INFO  [org.jboss.as.connector] (MSC service thread 1-2) WFLYJCA0009: Starting Jakarta Connectors Subsystem (WildFly/IronJacamar 1.5.3.Final-redhat-00001)
[0m[0m11:23:27,461 INFO  [org.jboss.as.ejb3] (MSC service thread 1-1) WFLYEJB0481: Strict pool slsb-strict-max-pool is using a max instance size of 16 (per class), which is derived from thread worker pool sizing.
[0m[0m11:23:27,461 INFO  [org.jboss.as.ejb3] (MSC service thread 1-2) WFLYEJB0482: Strict pool mdb-strict-max-pool is using a max instance size of 4 (per class), which is derived from the number of CPUs on this host.
[0m[0m11:23:27,559 INFO  [org.jboss.as.naming] (MSC service thread 1-2) WFLYNAM0003: Starting Naming Service
[0m[0m11:23:27,560 INFO  [org.jboss.as.connector.deployers.jdbc] (MSC service thread 1-2) WFLYJCA0018: Started Driver service with driver-name = h2
[0m[0m11:23:27,560 INFO  [org.jboss.as.connector.deployers.jdbc] (MSC service thread 1-2) WFLYJCA0018: Started Driver service with driver-name = postgresql
[0m[0m11:23:27,767 INFO  [org.jboss.as.mail.extension] (MSC service thread 1-1) WFLYMAIL0001: Bound mail session [java:jboss/mail/Default]
[0m[33m11:23:27,954 WARN  [org.jboss.as.remoting] (MSC service thread 1-1) ****** All authentication is ANONYMOUS for org.jboss.as.remoting.RemotingHttpUpgradeService
[0m[0m11:23:27,962 INFO  [org.jboss.as.patching] (MSC service thread 1-2) WFLYPAT0050: WildFly cumulative patch ID is: base, one-off patches include: none
[0m[0m11:23:27,962 INFO  [org.jboss.as.patching] (MSC service thread 1-2) WFLYPAT0050: Red Hat Single Sign-On cumulative patch ID is: base, one-off patches include: sso-752-rhsso-2657
[0m[33m11:23:28,058 WARN  [org.wildfly.extension.elytron] (MSC service thread 1-1) WFLYELY00023: KeyStore file '/opt/eap/standalone/configuration/application.keystore' does not exist. Used blank.
[0m[33m11:23:28,457 WARN  [org.wildfly.extension.elytron] (MSC service thread 1-2) WFLYELY01084: KeyStore /opt/eap/standalone/configuration/application.keystore not found, it will be auto generated on first use with a self-signed certificate for host localhost
[0m[0m11:23:28,457 INFO  [org.wildfly.extension.undertow] (MSC service thread 1-1) WFLYUT0012: Started server default-server.
[0m[0m11:23:28,557 INFO  [org.jboss.as.server.deployment.scanner] (MSC service thread 1-2) WFLYDS0013: Started FileSystemDeploymentService for directory /opt/eap/standalone/deployments
[0m[0m11:23:28,654 INFO  [org.jboss.as.server.deployment] (MSC service thread 1-2) WFLYSRV0027: Starting deployment of "keycloak-server.war" (runtime-name: "keycloak-server.war")
[0m[0m11:23:29,058 INFO  [org.wildfly.extension.undertow] (MSC service thread 1-2) Queuing requests.
[0m[0m11:23:29,059 INFO  [org.wildfly.extension.undertow] (MSC service thread 1-2) WFLYUT0018: Host default-host starting
[0m[0m11:23:29,062 INFO  [org.wildfly.extension.undertow] (MSC service thread 1-2) WFLYUT0006: Undertow HTTP listener default listening on 0.0.0.0:8080
[0m[0m11:23:29,066 INFO  [org.wildfly.extension.undertow] (MSC service thread 1-2) WFLYUT0006: Undertow AJP listener ajp listening on 0.0.0.0:8009
[0m[0m11:23:30,454 INFO  [org.jboss.as.ejb3] (MSC service thread 1-2) WFLYEJB0493: Jakarta Enterprise Beans subsystem suspension complete
[0m[0m11:23:30,858 INFO  [org.jboss.as.connector.subsystems.datasources] (MSC service thread 1-1) WFLYJCA0001: Bound data source [java:jboss/datasources/ExampleDS]
[0m[0m11:23:30,956 INFO  [org.wildfly.extension.undertow] (MSC service thread 1-2) WFLYUT0006: Undertow HTTPS listener https listening on 0.0.0.0:8443
[0m[0m11:23:31,362 INFO  [org.jboss.ws.common.management] (MSC service thread 1-2) JBWS022052: Starting JBossWS 5.4.4.Final-redhat-00001 (Apache CXF 3.3.12.redhat-00001) 
[0m[0m11:23:35,370 INFO  [org.jgroups.protocols.pbcast.GMS] (ServerService Thread Pool -- 76) sso-5-wcnjj: no members discovered after 3005 ms: creating cluster as coordinator
[0m